+ Error stacktraces are turned on.
[INFO] Scanning for projects...
[INFO] Reactor build order: 
[INFO]   Unnamed - it.sandbox:attachChangelogTest:pom:1.0-SNAPSHOT
[INFO]   Unnamed - it.sandbox:firstProject:jar:1.0-SNAPSHOT
[INFO]   Unnamed - it.sandbox:secondProject:jar:1.0-SNAPSHOT
[INFO]   Unnamed - it.sandbox:combineProject:jar:1.0-SNAPSHOT
[INFO] ------------------------------------------------------------------------
[INFO] Building Unnamed - it.sandbox:attachChangelogTest:pom:1.0-SNAPSHOT
[INFO]    task-segment: [clean, compile, test]
[INFO] ------------------------------------------------------------------------
[INFO] [clean:clean {execution: default-clean}]
[INFO] No goals needed for project - skipping
[INFO] No goals needed for project - skipping
[INFO] ------------------------------------------------------------------------
[INFO] Building Unnamed - it.sandbox:firstProject:jar:1.0-SNAPSHOT
[INFO]    task-segment: [clean, compile, test]
[INFO] ------------------------------------------------------------------------
[INFO] [clean:clean {execution: default-clean}]
[INFO] Deleting file set: /home/jake/Workspaces/Neo4j/changes-maven-plugin/src/functionaltest/testprojects/attachChangelogTest/firstProject/target (included: [**], excluded: [])
[INFO] [changes:extract-changelog {execution: default}]
[INFO] [resources:resources {execution: default-resources}]
[WARNING] Using platform encoding (UTF-8 actually) to copy filtered resources, i.e. build is platform dependent!
[INFO] skip non existing resourceDirectory /home/jake/Workspaces/Neo4j/changes-maven-plugin/src/functionaltest/testprojects/attachChangelogTest/firstProject/src/main/resources
[INFO] [changes:attach-changelog {execution: default}]
[INFO] [compiler:compile {execution: default-compile}]
[INFO] No sources to compile
[INFO] [changes:extract-changelog {execution: default}]
[INFO] [resources:resources {execution: default-resources}]
[WARNING] Using platform encoding (UTF-8 actually) to copy filtered resources, i.e. build is platform dependent!
[INFO] skip non existing resourceDirectory /home/jake/Workspaces/Neo4j/changes-maven-plugin/src/functionaltest/testprojects/attachChangelogTest/firstProject/src/main/resources
[INFO] [changes:attach-changelog {execution: default}]
[INFO] [compiler:compile {execution: default-compile}]
[INFO] No sources to compile
[INFO] [resources:testResources {execution: default-testResources}]
[WARNING] Using platform encoding (UTF-8 actually) to copy filtered resources, i.e. build is platform dependent!
[INFO] skip non existing resourceDirectory /home/jake/Workspaces/Neo4j/changes-maven-plugin/src/functionaltest/testprojects/attachChangelogTest/firstProject/src/test/resources
[INFO] [compiler:testCompile {execution: default-testCompile}]
[INFO] Compiling 1 source file to /home/jake/Workspaces/Neo4j/changes-maven-plugin/src/functionaltest/testprojects/attachChangelogTest/firstProject/target/test-classes
[INFO] [surefire:test {execution: default-test}]
[INFO] Surefire report directory: /home/jake/Workspaces/Neo4j/changes-maven-plugin/src/functionaltest/testprojects/attachChangelogTest/firstProject/target/surefire-reports

-------------------------------------------------------
 T E S T S
-------------------------------------------------------
Running org.neo4j.ChangelogAttachedTest
Tests run: 2, Failures: 0, Errors: 0, Skipped: 2, Time elapsed: 0.019 sec

Results :

Tests run: 2, Failures: 0, Errors: 0, Skipped: 2

[INFO] ------------------------------------------------------------------------
[INFO] Building Unnamed - it.sandbox:secondProject:jar:1.0-SNAPSHOT
[INFO]    task-segment: [clean, compile, test]
[INFO] ------------------------------------------------------------------------
[INFO] [clean:clean {execution: default-clean}]
[INFO] Deleting file set: /home/jake/Workspaces/Neo4j/changes-maven-plugin/src/functionaltest/testprojects/attachChangelogTest/secondProject/target (included: [**], excluded: [])
[INFO] [changes:extract-changelog {execution: default}]
[INFO] [resources:resources {execution: default-resources}]
[WARNING] Using platform encoding (UTF-8 actually) to copy filtered resources, i.e. build is platform dependent!
[INFO] skip non existing resourceDirectory /home/jake/Workspaces/Neo4j/changes-maven-plugin/src/functionaltest/testprojects/attachChangelogTest/secondProject/src/main/resources
[INFO] [changes:attach-changelog {execution: default}]
[INFO] [compiler:compile {execution: default-compile}]
[INFO] No sources to compile
[INFO] [changes:extract-changelog {execution: default}]
[INFO] [resources:resources {execution: default-resources}]
[WARNING] Using platform encoding (UTF-8 actually) to copy filtered resources, i.e. build is platform dependent!
[INFO] skip non existing resourceDirectory /home/jake/Workspaces/Neo4j/changes-maven-plugin/src/functionaltest/testprojects/attachChangelogTest/secondProject/src/main/resources
[INFO] [changes:attach-changelog {execution: default}]
[INFO] [compiler:compile {execution: default-compile}]
[INFO] No sources to compile
[INFO] [resources:testResources {execution: default-testResources}]
[WARNING] Using platform encoding (UTF-8 actually) to copy filtered resources, i.e. build is platform dependent!
[INFO] skip non existing resourceDirectory /home/jake/Workspaces/Neo4j/changes-maven-plugin/src/functionaltest/testprojects/attachChangelogTest/secondProject/src/test/resources
[INFO] [compiler:testCompile {execution: default-testCompile}]
[INFO] Compiling 1 source file to /home/jake/Workspaces/Neo4j/changes-maven-plugin/src/functionaltest/testprojects/attachChangelogTest/secondProject/target/test-classes
[INFO] [surefire:test {execution: default-test}]
[INFO] Surefire report directory: /home/jake/Workspaces/Neo4j/changes-maven-plugin/src/functionaltest/testprojects/attachChangelogTest/secondProject/target/surefire-reports

-------------------------------------------------------
 T E S T S
-------------------------------------------------------
Running org.neo4j.ChangelogAttachedTest
Tests run: 2, Failures: 0, Errors: 0, Skipped: 2, Time elapsed: 0.015 sec

Results :

Tests run: 2, Failures: 0, Errors: 0, Skipped: 2

[INFO] ------------------------------------------------------------------------
[INFO] Building Unnamed - it.sandbox:combineProject:jar:1.0-SNAPSHOT
[INFO]    task-segment: [clean, compile, test]
[INFO] ------------------------------------------------------------------------
[INFO] [clean:clean {execution: default-clean}]
[INFO] Deleting file set: /home/jake/Workspaces/Neo4j/changes-maven-plugin/src/functionaltest/testprojects/attachChangelogTest/combineProject/target (included: [**], excluded: [])
[INFO] [changes:extract-changelog {execution: default}]
[INFO] [resources:resources {execution: default-resources}]
[WARNING] Using platform encoding (UTF-8 actually) to copy filtered resources, i.e. build is platform dependent!
[INFO] skip non existing resourceDirectory /home/jake/Workspaces/Neo4j/changes-maven-plugin/src/functionaltest/testprojects/attachChangelogTest/combineProject/src/main/resources
[INFO] [changes:attach-changelog {execution: default}]
[INFO] [compiler:compile {execution: default-compile}]
[INFO] No sources to compile
[INFO] [changes:extract-changelog {execution: default}]
[INFO] [resources:resources {execution: default-resources}]
[WARNING] Using platform encoding (UTF-8 actually) to copy filtered resources, i.e. build is platform dependent!
[INFO] skip non existing resourceDirectory /home/jake/Workspaces/Neo4j/changes-maven-plugin/src/functionaltest/testprojects/attachChangelogTest/combineProject/src/main/resources
[INFO] [changes:attach-changelog {execution: default}]
[INFO] [compiler:compile {execution: default-compile}]
[INFO] No sources to compile
[INFO] [resources:testResources {execution: default-testResources}]
[WARNING] Using platform encoding (UTF-8 actually) to copy filtered resources, i.e. build is platform dependent!
[INFO] skip non existing resourceDirectory /home/jake/Workspaces/Neo4j/changes-maven-plugin/src/functionaltest/testprojects/attachChangelogTest/combineProject/src/test/resources
[INFO] [compiler:testCompile {execution: default-testCompile}]
[INFO] Compiling 1 source file to /home/jake/Workspaces/Neo4j/changes-maven-plugin/src/functionaltest/testprojects/attachChangelogTest/combineProject/target/test-classes
[INFO] [surefire:test {execution: default-test}]
[INFO] Surefire report directory: /home/jake/Workspaces/Neo4j/changes-maven-plugin/src/functionaltest/testprojects/attachChangelogTest/combineProject/target/surefire-reports

-------------------------------------------------------
 T E S T S
-------------------------------------------------------
Running org.neo4j.ChangelogAttachedTest
Tests run: 2, Failures: 0, Errors: 0, Skipped: 2, Time elapsed: 0.018 sec

Results :

Tests run: 2, Failures: 0, Errors: 0, Skipped: 2

[INFO] 
[INFO] 
[INFO] ------------------------------------------------------------------------
[INFO] Reactor Summary:
[INFO] ------------------------------------------------------------------------
[INFO] Unnamed - it.sandbox:attachChangelogTest:pom:1.0-SNAPSHOT  SUCCESS [0.357s]
[INFO] Unnamed - it.sandbox:firstProject:jar:1.0-SNAPSHOT .... SUCCESS [1.285s]
[INFO] Unnamed - it.sandbox:secondProject:jar:1.0-SNAPSHOT ... SUCCESS [0.629s]
[INFO] Unnamed - it.sandbox:combineProject:jar:1.0-SNAPSHOT .. SUCCESS [0.546s]
[INFO] ------------------------------------------------------------------------
[INFO] ------------------------------------------------------------------------
[INFO] BUILD SUCCESSFUL
[INFO] ------------------------------------------------------------------------
[INFO] Total time: 3 seconds
[INFO] Finished at: Mon Jan 23 17:28:08 CET 2012
[INFO] Final Memory: 21M/215M
[INFO] ------------------------------------------------------------------------
+ Error stacktraces are turned on.
[INFO] Scanning for projects...
[INFO] Reactor build order: 
[INFO]   Unnamed - it.sandbox:attachChangelogTest:pom:1.0-SNAPSHOT
[INFO]   Unnamed - it.sandbox:firstProject:jar:1.0-SNAPSHOT
[INFO]   Unnamed - it.sandbox:secondProject:jar:1.0-SNAPSHOT
[INFO]   Unnamed - it.sandbox:combineProject:jar:1.0-SNAPSHOT
[INFO] ------------------------------------------------------------------------
[INFO] Building Unnamed - it.sandbox:attachChangelogTest:pom:1.0-SNAPSHOT
[INFO]    task-segment: [compile, test]
[INFO] ------------------------------------------------------------------------
[INFO] No goals needed for project - skipping
[INFO] No goals needed for project - skipping
[INFO] ------------------------------------------------------------------------
[INFO] Building Unnamed - it.sandbox:firstProject:jar:1.0-SNAPSHOT
[INFO]    task-segment: [compile, test]
[INFO] ------------------------------------------------------------------------
[INFO] [changes:extract-changelog {execution: default}]
[INFO] [resources:resources {execution: default-resources}]
[WARNING] Using platform encoding (UTF-8 actually) to copy filtered resources, i.e. build is platform dependent!
[INFO] skip non existing resourceDirectory /home/jake/Workspaces/Neo4j/changes-maven-plugin/src/functionaltest/testprojects/attachChangelogTest/firstProject/src/main/resources
[INFO] [changes:attach-changelog {execution: default}]
[INFO] [compiler:compile {execution: default-compile}]
[INFO] No sources to compile
[INFO] [changes:extract-changelog {execution: default}]
[INFO] [resources:resources {execution: default-resources}]
[WARNING] Using platform encoding (UTF-8 actually) to copy filtered resources, i.e. build is platform dependent!
[INFO] skip non existing resourceDirectory /home/jake/Workspaces/Neo4j/changes-maven-plugin/src/functionaltest/testprojects/attachChangelogTest/firstProject/src/main/resources
[INFO] [changes:attach-changelog {execution: default}]
[INFO] [compiler:compile {execution: default-compile}]
[INFO] No sources to compile
[INFO] [resources:testResources {execution: default-testResources}]
[WARNING] Using platform encoding (UTF-8 actually) to copy filtered resources, i.e. build is platform dependent!
[INFO] skip non existing resourceDirectory /home/jake/Workspaces/Neo4j/changes-maven-plugin/src/functionaltest/testprojects/attachChangelogTest/firstProject/src/test/resources
[INFO] [compiler:testCompile {execution: default-testCompile}]
[INFO] Nothing to compile - all classes are up to date
[INFO] [surefire:test {execution: default-test}]
[INFO] Surefire report directory: /home/jake/Workspaces/Neo4j/changes-maven-plugin/src/functionaltest/testprojects/attachChangelogTest/firstProject/target/surefire-reports

-------------------------------------------------------
 T E S T S
-------------------------------------------------------
Running org.neo4j.ChangelogAttachedTest
Tests run: 2, Failures: 0, Errors: 0, Skipped: 2, Time elapsed: 0.018 sec

Results :

Tests run: 2, Failures: 0, Errors: 0, Skipped: 2

[INFO] ------------------------------------------------------------------------
[INFO] Building Unnamed - it.sandbox:secondProject:jar:1.0-SNAPSHOT
[INFO]    task-segment: [compile, test]
[INFO] ------------------------------------------------------------------------
[INFO] [changes:extract-changelog {execution: default}]
[INFO] [resources:resources {execution: default-resources}]
[WARNING] Using platform encoding (UTF-8 actually) to copy filtered resources, i.e. build is platform dependent!
[INFO] skip non existing resourceDirectory /home/jake/Workspaces/Neo4j/changes-maven-plugin/src/functionaltest/testprojects/attachChangelogTest/secondProject/src/main/resources
[INFO] [changes:attach-changelog {execution: default}]
[INFO] [compiler:compile {execution: default-compile}]
[INFO] No sources to compile
[INFO] [changes:extract-changelog {execution: default}]
[INFO] [resources:resources {execution: default-resources}]
[WARNING] Using platform encoding (UTF-8 actually) to copy filtered resources, i.e. build is platform dependent!
[INFO] skip non existing resourceDirectory /home/jake/Workspaces/Neo4j/changes-maven-plugin/src/functionaltest/testprojects/attachChangelogTest/secondProject/src/main/resources
[INFO] [changes:attach-changelog {execution: default}]
[INFO] [compiler:compile {execution: default-compile}]
[INFO] No sources to compile
[INFO] [resources:testResources {execution: default-testResources}]
[WARNING] Using platform encoding (UTF-8 actually) to copy filtered resources, i.e. build is platform dependent!
[INFO] skip non existing resourceDirectory /home/jake/Workspaces/Neo4j/changes-maven-plugin/src/functionaltest/testprojects/attachChangelogTest/secondProject/src/test/resources
[INFO] [compiler:testCompile {execution: default-testCompile}]
[INFO] Nothing to compile - all classes are up to date
[INFO] [surefire:test {execution: default-test}]
[INFO] Surefire report directory: /home/jake/Workspaces/Neo4j/changes-maven-plugin/src/functionaltest/testprojects/attachChangelogTest/secondProject/target/surefire-reports

-------------------------------------------------------
 T E S T S
-------------------------------------------------------
Running org.neo4j.ChangelogAttachedTest
Tests run: 2, Failures: 0, Errors: 0, Skipped: 2, Time elapsed: 0.018 sec

Results :

Tests run: 2, Failures: 0, Errors: 0, Skipped: 2

[INFO] ------------------------------------------------------------------------
[INFO] Building Unnamed - it.sandbox:combineProject:jar:1.0-SNAPSHOT
[INFO]    task-segment: [compile, test]
[INFO] ------------------------------------------------------------------------
[INFO] [changes:extract-changelog {execution: default}]
[INFO] [resources:resources {execution: default-resources}]
[WARNING] Using platform encoding (UTF-8 actually) to copy filtered resources, i.e. build is platform dependent!
[INFO] skip non existing resourceDirectory /home/jake/Workspaces/Neo4j/changes-maven-plugin/src/functionaltest/testprojects/attachChangelogTest/combineProject/src/main/resources
[INFO] [changes:attach-changelog {execution: default}]
[INFO] [compiler:compile {execution: default-compile}]
[INFO] No sources to compile
[INFO] [changes:extract-changelog {execution: default}]
[INFO] [resources:resources {execution: default-resources}]
[WARNING] Using platform encoding (UTF-8 actually) to copy filtered resources, i.e. build is platform dependent!
[INFO] skip non existing resourceDirectory /home/jake/Workspaces/Neo4j/changes-maven-plugin/src/functionaltest/testprojects/attachChangelogTest/combineProject/src/main/resources
[INFO] [changes:attach-changelog {execution: default}]
[INFO] [compiler:compile {execution: default-compile}]
[INFO] No sources to compile
[INFO] [resources:testResources {execution: default-testResources}]
[WARNING] Using platform encoding (UTF-8 actually) to copy filtered resources, i.e. build is platform dependent!
[INFO] skip non existing resourceDirectory /home/jake/Workspaces/Neo4j/changes-maven-plugin/src/functionaltest/testprojects/attachChangelogTest/combineProject/src/test/resources
[INFO] [compiler:testCompile {execution: default-testCompile}]
[INFO] Nothing to compile - all classes are up to date
[INFO] [surefire:test {execution: default-test}]
[INFO] Surefire report directory: /home/jake/Workspaces/Neo4j/changes-maven-plugin/src/functionaltest/testprojects/attachChangelogTest/combineProject/target/surefire-reports

-------------------------------------------------------
 T E S T S
-------------------------------------------------------
Running org.neo4j.ChangelogAttachedTest
Tests run: 2, Failures: 0, Errors: 0, Skipped: 2, Time elapsed: 0.015 sec

Results :

Tests run: 2, Failures: 0, Errors: 0, Skipped: 2

[INFO] 
[INFO] 
[INFO] ------------------------------------------------------------------------
[INFO] Reactor Summary:
[INFO] ------------------------------------------------------------------------
[INFO] Unnamed - it.sandbox:attachChangelogTest:pom:1.0-SNAPSHOT  SUCCESS [0.002s]
[INFO] Unnamed - it.sandbox:firstProject:jar:1.0-SNAPSHOT .... SUCCESS [1.109s]
[INFO] Unnamed - it.sandbox:secondProject:jar:1.0-SNAPSHOT ... SUCCESS [0.357s]
[INFO] Unnamed - it.sandbox:combineProject:jar:1.0-SNAPSHOT .. SUCCESS [0.271s]
[INFO] ------------------------------------------------------------------------
[INFO] ------------------------------------------------------------------------
[INFO] BUILD SUCCESSFUL
[INFO] ------------------------------------------------------------------------
[INFO] Total time: 1 second
[INFO] Finished at: Mon Jan 23 17:28:11 CET 2012
[INFO] Final Memory: 11M/211M
[INFO] ------------------------------------------------------------------------
Running post-build script in: /home/jake/Workspaces/Neo4j/changes-maven-plugin/src/functionaltest/testprojects/attachChangelogTest/validate.groovy
Finished post-build script in: /home/jake/Workspaces/Neo4j/changes-maven-plugin/src/functionaltest/testprojects/attachChangelogTest/validate.groovy
